{"uuid":"13e96f1e-d265-4c35-b59a-95c73a323714","historyId":"367e7033e585b59a506f88faba2656a2","fullName":"com.insin.testCases.HomePageTest.verifyProductBar","labels":[{"name":"package","value":"com.insin.testCases.HomePageTest"},{"name":"testClass","value":"com.insin.testCases.HomePageTest"},{"name":"testMethod","value":"verifyProductBar"},{"name":"parentSuite","value":"Default Suite"},{"name":"suite","value":"insinkerator"},{"name":"subSuite","value":"com.insin.testCases.HomePageTest"},{"name":"host","value":"CSC"},{"name":"thread","value":"2252@CSC.main(1)"},{"name":"framework","value":"testng"},{"name":"language","value":"java"}],"links":[],"name":"verifyProductBar","status":"broken","statusDetails":{"known":false,"muted":false,"flaky":false,"message":"java.lang.reflect.InvocationTargetException\nBuild info: version: '4.20.0', revision: '866c76ca80'\nSystem info: os.name: 'Windows 11', os.arch: 'amd64', os.version: '10.0', java.version: '18.0.2'\nDriver info: org.openqa.selenium.chrome.ChromeDriver\nCommand: [8c80105234adea7d83c22c652ed3e528, actions {actions=[org.openqa.selenium.interactions.Sequence@20ed3303]}]\nCapabilities {acceptInsecureCerts: false, browserName: chrome, browserVersion: 126.0.6478.127, chrome: {chromedriverVersion: 126.0.6478.126 (d36ace6122e..., userDataDir: C:\\Users\\anish\\AppData\\Loca...}, fedcm:accounts: true, goog:chromeOptions: {debuggerAddress: localhost:59468}, networkConnectionEnabled: false, pageLoadStrategy: normal, platformName: windows, proxy: Proxy(), se:cdp: ws://localhost:59468/devtoo..., se:cdpVersion: 126.0.6478.127, setWindowRect: true, strictFileInteractability: false, timeouts: {implicit: 0, pageLoad: 300000, script: 30000}, unhandledPromptBehavior: dismiss and notify, webauthn:extension:credBlob: true, webauthn:extension:largeBlob: true, webauthn:extension:minPinLength: true, webauthn:extension:prf: true, webauthn:virtualAuthenticators: true}\nSession ID: 8c80105234adea7d83c22c652ed3e528","trace":"org.openqa.selenium.json.JsonException: java.lang.reflect.InvocationTargetException\nBuild info: version: '4.20.0', revision: '866c76ca80'\nSystem info: os.name: 'Windows 11', os.arch: 'amd64', os.version: '10.0', java.version: '18.0.2'\nDriver info: org.openqa.selenium.chrome.ChromeDriver\nCommand: [8c80105234adea7d83c22c652ed3e528, actions {actions=[org.openqa.selenium.interactions.Sequence@20ed3303]}]\nCapabilities {acceptInsecureCerts: false, browserName: chrome, browserVersion: 126.0.6478.127, chrome: {chromedriverVersion: 126.0.6478.126 (d36ace6122e..., userDataDir: C:\\Users\\anish\\AppData\\Loca...}, fedcm:accounts: true, goog:chromeOptions: {debuggerAddress: localhost:59468}, networkConnectionEnabled: false, pageLoadStrategy: normal, platformName: windows, proxy: Proxy(), se:cdp: ws://localhost:59468/devtoo..., se:cdpVersion: 126.0.6478.127, setWindowRect: true, strictFileInteractability: false, timeouts: {implicit: 0, pageLoad: 300000, script: 30000}, unhandledPromptBehavior: dismiss and notify, webauthn:extension:credBlob: true, webauthn:extension:largeBlob: true, webauthn:extension:minPinLength: true, webauthn:extension:prf: true, webauthn:virtualAuthenticators: true}\nSession ID: 8c80105234adea7d83c22c652ed3e528\r\n\tat org.openqa.selenium.json.JsonOutput.convertUsingMethod(JsonOutput.java:362)\r\n\tat org.openqa.selenium.json.JsonOutput.lambda$new$16(JsonOutput.java:154)\r\n\tat org.openqa.selenium.json.JsonOutput.write(JsonOutput.java:287)\r\n\tat org.openqa.selenium.json.JsonOutput.lambda$new$22(JsonOutput.java:169)\r\n\tat java.base/java.util.stream.ForEachOps$ForEachOp$OfRef.accept(ForEachOps.java:183)\r\n\tat java.base/java.util.stream.ReferencePipeline$2$1.accept(ReferencePipeline.java:179)\r\n\tat java.base/java.util.Iterator.forEachRemaining(Iterator.java:133)\r\n\tat java.base/java.util.Spliterators$IteratorSpliterator.forEachRemaining(Spliterators.java:1845)\r\n\tat java.base/java.util.stream.AbstractPipeline.copyInto(AbstractPipeline.java:509)\r\n\tat java.base/java.util.stream.AbstractPipeline.wrapAndCopyInto(AbstractPipeline.java:499)\r\n\tat java.base/java.util.stream.ForEachOps$ForEachOp.evaluateSequential(ForEachOps.java:150)\r\n\tat java.base/java.util.stream.ForEachOps$ForEachOp$OfRef.evaluateSequential(ForEachOps.java:173)\r\n\tat java.base/java.util.stream.AbstractPipeline.evaluate(AbstractPipeline.java:234)\r\n\tat java.base/java.util.stream.ReferencePipeline.forEach(ReferencePipeline.java:596)\r\n\tat org.openqa.selenium.json.JsonOutput.lambda$new$23(JsonOutput.java:169)\r\n\tat org.openqa.selenium.json.JsonOutput.write(JsonOutput.java:287)\r\n\tat org.openqa.selenium.json.JsonOutput.lambda$new$24(JsonOutput.java:182)\r\n\tat java.base/java.util.Map.forEach(Map.java:713)\r\n\tat org.openqa.selenium.json.JsonOutput.lambda$new$25(JsonOutput.java:177)\r\n\tat org.openqa.selenium.json.JsonOutput.write(JsonOutput.java:287)\r\n\tat org.openqa.selenium.json.JsonOutput.write(JsonOutput.java:278)\r\n\tat org.openqa.selenium.json.Json.toJson(Json.java:42)\r\n\tat org.openqa.selenium.remote.codec.AbstractHttpCommandCodec.encode(AbstractHttpCommandCodec.java:245)\r\n\tat org.openqa.selenium.remote.codec.AbstractHttpCommandCodec.encode(AbstractHttpCommandCodec.java:111)\r\n\tat org.openqa.selenium.remote.HttpCommandExecutor.execute(HttpCommandExecutor.java:178)\r\n\tat org.openqa.selenium.remote.service.DriverCommandExecutor.invokeExecute(DriverCommandExecutor.java:216)\r\n\tat org.openqa.selenium.remote.service.DriverCommandExecutor.execute(DriverCommandExecutor.java:174)\r\n\tat org.openqa.selenium.remote.RemoteWebDriver.execute(RemoteWebDriver.java:518)\r\n\tat org.openqa.selenium.remote.RemoteWebDriver.perform(RemoteWebDriver.java:604)\r\n\tat org.openqa.selenium.interactions.Actions$BuiltAction.perform(Actions.java:603)\r\n\tat org.openqa.selenium.interactions.Actions.perform(Actions.java:568)\r\n\tat com.insin.pages.HomePage.productBar(HomePage.java:76)\r\n\tat com.insin.testCases.HomePageTest.verifyProductBar(HomePageTest.java:52)\r\n\tat java.base/jdk.internal.reflect.DirectMethodHandleAccessor.invoke(DirectMethodHandleAccessor.java:104)\r\n\tat java.base/java.lang.reflect.Method.invoke(Method.java:577)\r\n\tat org.testng.internal.invokers.MethodInvocationHelper.invokeMethod(MethodInvocationHelper.java:141)\r\n\tat org.testng.internal.invokers.TestInvoker.invokeMethod(TestInvoker.java:686)\r\n\tat org.testng.internal.invokers.TestInvoker.invokeTestMethod(TestInvoker.java:230)\r\n\tat org.testng.internal.invokers.MethodRunner.runInSequence(MethodRunner.java:63)\r\n\tat org.testng.internal.invokers.TestInvoker$MethodInvocationAgent.invoke(TestInvoker.java:992)\r\n\tat org.testng.internal.invokers.TestInvoker.invokeTestMethods(TestInvoker.java:203)\r\n\tat org.testng.internal.invokers.TestMethodWorker.invokeTestMethods(TestMethodWorker.java:154)\r\n\tat org.testng.internal.invokers.TestMethodWorker.run(TestMethodWorker.java:134)\r\n\tat java.base/java.util.ArrayList.forEach(ArrayList.java:1511)\r\n\tat org.testng.TestRunner.privateRun(TestRunner.java:739)\r\n\tat org.testng.TestRunner.run(TestRunner.java:614)\r\n\tat org.testng.SuiteRunner.runTest(SuiteRunner.java:421)\r\n\tat org.testng.SuiteRunner.runSequentially(SuiteRunner.java:413)\r\n\tat org.testng.SuiteRunner.privateRun(SuiteRunner.java:373)\r\n\tat org.testng.SuiteRunner.run(SuiteRunner.java:312)\r\n\tat org.testng.SuiteRunnerWorker.runSuite(SuiteRunnerWorker.java:52)\r\n\tat org.testng.SuiteRunnerWorker.run(SuiteRunnerWorker.java:95)\r\n\tat org.testng.TestNG.runSuitesSequentially(TestNG.java:1274)\r\n\tat org.testng.TestNG.runSuitesLocally(TestNG.java:1208)\r\n\tat org.testng.TestNG.runSuites(TestNG.java:1112)\r\n\tat org.testng.TestNG.run(TestNG.java:1079)\r\n\tat com.intellij.rt.testng.IDEARemoteTestNG.run(IDEARemoteTestNG.java:65)\r\n\tat com.intellij.rt.testng.RemoteTestNGStarter.main(RemoteTestNGStarter.java:105)\r\n\tSuppressed: org.openqa.selenium.json.JsonException: Attempting to close incomplete json stream\nBuild info: version: '4.20.0', revision: '866c76ca80'\nSystem info: os.name: 'Windows 11', os.arch: 'amd64', os.version: '10.0', java.version: '18.0.2'\nDriver info: driver.version: RemoteWebDriver\r\n\t\tat org.openqa.selenium.json.JsonOutput.close(JsonOutput.java:303)\r\n\t\tat org.openqa.selenium.json.Json.toJson(Json.java:40)\r\n\t\t... 36 more\r\nCaused by: java.lang.reflect.InvocationTargetException\r\n\tat java.base/jdk.internal.reflect.DirectMethodHandleAccessor.invoke(DirectMethodHandleAccessor.java:119)\r\n\tat java.base/java.lang.reflect.Method.invoke(Method.java:577)\r\n\tat org.openqa.selenium.json.JsonOutput.convertUsingMethod(JsonOutput.java:358)\r\n\t... 57 more\r\nCaused by: org.openqa.selenium.NoSuchWindowException: no such window: target window already closed\nfrom unknown error: web view not found\n  (Session info: chrome=126.0.6478.127)\nBuild info: version: '4.20.0', revision: '866c76ca80'\nSystem info: os.name: 'Windows 11', os.arch: 'amd64', os.version: '10.0', java.version: '18.0.2'\nDriver info: org.openqa.selenium.chrome.ChromeDriver\nCommand: [8c80105234adea7d83c22c652ed3e528, findElement {value=(//span[text()='Products'])[2], using=xpath}]\nCapabilities {acceptInsecureCerts: false, browserName: chrome, browserVersion: 126.0.6478.127, chrome: {chromedriverVersion: 126.0.6478.126 (d36ace6122e..., userDataDir: C:\\Users\\anish\\AppData\\Loca...}, fedcm:accounts: true, goog:chromeOptions: {debuggerAddress: localhost:59468}, networkConnectionEnabled: false, pageLoadStrategy: normal, platformName: windows, proxy: Proxy(), se:cdp: ws://localhost:59468/devtoo..., se:cdpVersion: 126.0.6478.127, setWindowRect: true, strictFileInteractability: false, timeouts: {implicit: 0, pageLoad: 300000, script: 30000}, unhandledPromptBehavior: dismiss and notify, webauthn:extension:credBlob: true, webauthn:extension:largeBlob: true, webauthn:extension:minPinLength: true, webauthn:extension:prf: true, webauthn:virtualAuthenticators: true}\nSession ID: 8c80105234adea7d83c22c652ed3e528\r\n\tat java.base/jdk.internal.reflect.DirectConstructorHandleAccessor.newInstance(DirectConstructorHandleAccessor.java:67)\r\n\tat java.base/java.lang.reflect.Constructor.newInstanceWithCaller(Constructor.java:499)\r\n\tat java.base/java.lang.reflect.Constructor.newInstance(Constructor.java:483)\r\n\tat org.openqa.selenium.remote.ErrorCodec.decode(ErrorCodec.java:167)\r\n\tat org.openqa.selenium.remote.codec.w3c.W3CHttpResponseCodec.decode(W3CHttpResponseCodec.java:138)\r\n\tat org.openqa.selenium.remote.codec.w3c.W3CHttpResponseCodec.decode(W3CHttpResponseCodec.java:50)\r\n\tat org.openqa.selenium.remote.HttpCommandExecutor.execute(HttpCommandExecutor.java:190)\r\n\tat org.openqa.selenium.remote.service.DriverCommandExecutor.invokeExecute(DriverCommandExecutor.java:216)\r\n\tat org.openqa.selenium.remote.service.DriverCommandExecutor.execute(DriverCommandExecutor.java:174)\r\n\tat org.openqa.selenium.remote.RemoteWebDriver.execute(RemoteWebDriver.java:518)\r\n\tat org.openqa.selenium.remote.ElementLocation$ElementFinder$2.findElement(ElementLocation.java:165)\r\n\tat org.openqa.selenium.remote.ElementLocation.findElement(ElementLocation.java:59)\r\n\tat org.openqa.selenium.remote.RemoteWebDriver.findElement(RemoteWebDriver.java:355)\r\n\tat org.openqa.selenium.remote.RemoteWebDriver.findElement(RemoteWebDriver.java:349)\r\n\tat org.openqa.selenium.support.pagefactory.DefaultElementLocator.findElement(DefaultElementLocator.java:70)\r\n\tat org.openqa.selenium.support.pagefactory.internal.LocatingElementHandler.invoke(LocatingElementHandler.java:39)\r\n\tat jdk.proxy2/jdk.proxy2.$Proxy13.getWrappedElement(Unknown Source)\r\n\tat org.openqa.selenium.interactions.PointerInput$Origin.asArg(PointerInput.java:259)\r\n\tat org.openqa.selenium.interactions.PointerInput$Move.encode(PointerInput.java:208)\r\n\tat org.openqa.selenium.interactions.Sequence.encode(Sequence.java:72)\r\n\tat org.openqa.selenium.interactions.Sequence.toJson(Sequence.java:81)\r\n\tat java.base/jdk.internal.reflect.DirectMethodHandleAccessor.invoke(DirectMethodHandleAccessor.java:104)\r\n\t... 59 more\r\n"},"stage":"finished","steps":[],"attachments":[],"parameters":[],"start":1720437624973,"stop":1720437625147}